<?xml version="1.0" encoding="UTF-8"?>
<!-- Generated by org.testng.reporters.JUnitReportReporter -->
<testsuite skipped="0" hostname="Draginja-PC" name="phpTravelsTests.LoginTest" tests="1" failures="0" timestamp="2019-12-14T13:14:14 CET" time="11.524" errors="0">
  <testcase name="testCheckLogin" time="11.524" classname="phpTravelsTests.LoginTest"/>
</testsuite> <!-- phpTravelsTests.LoginTest -->
