<?xml version="1.0" encoding="UTF-8"?>
<!-- Generated by org.testng.reporters.JUnitReportReporter -->
<testsuite skipped="0" hostname="Draginja-PC" name="phpTravelsTests.VerifyTravelsCars" tests="3" failures="0" timestamp="2019-12-14T16:00:33 CET" time="15.585" errors="0">
  <testcase name="verifyNumberOfCarModels" time="0.074" classname="phpTravelsTests.VerifyTravelsCars"/>
  <testcase name="verifyNumberOfOrders" time="0.453" classname="phpTravelsTests.VerifyTravelsCars"/>
  <testcase name="uploadPhoto" time="15.058" classname="phpTravelsTests.VerifyTravelsCars"/>
</testsuite> <!-- phpTravelsTests.VerifyTravelsCars -->
