<?xml version="1.0" encoding="UTF-8"?>
<!-- Generated by org.testng.reporters.JUnitReportReporter -->
<testsuite skipped="0" hostname="Draginja-PC" name="phpTravelsTests.VerifyTravelsCarsExtras" tests="3" failures="0" timestamp="2019-12-14T16:12:56 CET" time="41.467" errors="0">
  <testcase name="cars" time="31.919" classname="phpTravelsTests.VerifyTravelsCarsExtras"/>
  <testcase name="findCarName" time="2.007" classname="phpTravelsTests.VerifyTravelsCarsExtras"/>
  <testcase name="inputStringInPriceFieldTest" time="7.541" classname="phpTravelsTests.VerifyTravelsCarsExtras"/>
</testsuite> <!-- phpTravelsTests.VerifyTravelsCarsExtras -->
