<?xml version="1.0" encoding="UTF-8"?>
<!-- Generated by org.testng.reporters.JUnitReportReporter -->
<testsuite skipped="0" hostname="Draginja-PC" name="phpTravelsTests.VerifyLogin" tests="1" failures="0" timestamp="2019-12-14T15:51:05 CET" time="13.577" errors="0">
  <testcase name="verifyLoggingIn" time="13.577" classname="phpTravelsTests.VerifyLogin"/>
</testsuite> <!-- phpTravelsTests.VerifyLogin -->
