<?xml version="1.0" encoding="UTF-8"?>
<!-- Generated by org.testng.reporters.JUnitReportReporter -->
<testsuite skipped="0" hostname="Draginja-PC" name="phpTravelsTests.TravelsCarsTest" tests="3" failures="0" timestamp="2019-12-14T13:36:41 CET" time="22.482" errors="0">
  <testcase name="testNumberOfCarModels" time="0.063" classname="phpTravelsTests.TravelsCarsTest"/>
  <testcase name="testNumberOfOrders" time="0.456" classname="phpTravelsTests.TravelsCarsTest"/>
  <testcase name="uploadPhoto" time="21.963" classname="phpTravelsTests.TravelsCarsTest"/>
</testsuite> <!-- phpTravelsTests.TravelsCarsTest -->
