<?xml version="1.0" encoding="UTF-8"?>
<!-- Generated by org.testng.reporters.JUnitReportReporter -->
<testsuite skipped="1" hostname="Draginja-PC" name="phpTravelsTests.VerifyTravelCustomer" tests="1" failures="0" timestamp="2019-12-14T15:23:51 CET" time="0.000" errors="0">
  <testcase name="verifyCustomers" time="0.000" classname="phpTravelsTests.VerifyTravelCustomer">
    <skipped/>
  </testcase> <!-- verifyCustomers -->
</testsuite> <!-- phpTravelsTests.VerifyTravelCustomer -->
