<?xml version="1.0" encoding="UTF-8"?>
<!-- Generated by org.testng.reporters.JUnitReportReporter -->
<testsuite skipped="0" hostname="Draginja-PC" name="phpTravelsTests.TravelsMenuTest" tests="8" failures="0" timestamp="2019-12-14T13:39:13 CET" time="51.632" errors="0">
  <testcase name="checkDashboard" time="9.024" classname="phpTravelsTests.TravelsMenuTest"/>
  <testcase name="checkUpdates" time="5.014" classname="phpTravelsTests.TravelsMenuTest"/>
  <testcase name="checkModules" time="4.780" classname="phpTravelsTests.TravelsMenuTest"/>
  <testcase name="checkAddNewTours" time="8.162" classname="phpTravelsTests.TravelsMenuTest"/>
  <testcase name="checkCars" time="10.458" classname="phpTravelsTests.TravelsMenuTest"/>
  <testcase name="checkCoupons" time="4.873" classname="phpTravelsTests.TravelsMenuTest"/>
  <testcase name="checkNewsletter" time="4.530" classname="phpTravelsTests.TravelsMenuTest"/>
  <testcase name="checkBookings" time="4.791" classname="phpTravelsTests.TravelsMenuTest"/>
</testsuite> <!-- phpTravelsTests.TravelsMenuTest -->
