<?xml version="1.0" encoding="UTF-8"?>
<!-- Generated by org.testng.reporters.JUnitReportReporter -->
<testsuite skipped="0" hostname="Draginja-PC" name="phpTravelsTests.VerifyTravelsCustomer" tests="1" failures="0" timestamp="2019-12-14T16:11:37 CET" time="30.666" errors="0">
  <testcase name="verifyCustomers" time="30.666" classname="phpTravelsTests.VerifyTravelsCustomer"/>
</testsuite> <!-- phpTravelsTests.VerifyTravelsCustomer -->
