<?xml version="1.0" encoding="UTF-8"?>
<!-- Generated by org.testng.reporters.JUnitReportReporter -->
<testsuite skipped="8" hostname="Draginja-PC" name="phpTravelsTests.VerifyTravelsMenu" tests="8" failures="0" timestamp="2019-12-14T15:40:59 CET" time="0.000" errors="0">
  <testcase name="verifyDashboard" time="0.000" classname="phpTravelsTests.VerifyTravelsMenu">
    <skipped/>
  </testcase> <!-- verifyDashboard -->
  <testcase name="verifyUpdates" time="0.000" classname="phpTravelsTests.VerifyTravelsMenu">
    <skipped/>
  </testcase> <!-- verifyUpdates -->
  <testcase name="verifyModules" time="0.000" classname="phpTravelsTests.VerifyTravelsMenu">
    <skipped/>
  </testcase> <!-- verifyModules -->
  <testcase name="verifyAddNewTours" time="0.000" classname="phpTravelsTests.VerifyTravelsMenu">
    <skipped/>
  </testcase> <!-- verifyAddNewTours -->
  <testcase name="verifyCars" time="0.000" classname="phpTravelsTests.VerifyTravelsMenu">
    <skipped/>
  </testcase> <!-- verifyCars -->
  <testcase name="verifyCoupons" time="0.000" classname="phpTravelsTests.VerifyTravelsMenu">
    <skipped/>
  </testcase> <!-- verifyCoupons -->
  <testcase name="verifyNewsletter" time="0.000" classname="phpTravelsTests.VerifyTravelsMenu">
    <skipped/>
  </testcase> <!-- verifyNewsletter -->
  <testcase name="verifyBookings" time="0.000" classname="phpTravelsTests.VerifyTravelsMenu">
    <skipped/>
  </testcase> <!-- verifyBookings -->
</testsuite> <!-- phpTravelsTests.VerifyTravelsMenu -->
